\BOOKMARK [0][-]{section*.3}{\376\377\000R\000e\000s\000u\000m\000e\000n}{}% 1
\BOOKMARK [0][-]{chapter*.7}{\376\377\000I\000n\000t\000r\000o\000d\000u\000c\000c\000i\000\363\000n}{}% 2
\BOOKMARK [0][-]{chapter*.9}{\376\377\000C\000a\000p\000\355\000t\000u\000l\000o\000\040\000I\000.\000\040\000E\000l\000\040\000P\000r\000o\000b\000l\000e\000m\000a}{}% 3
\BOOKMARK [1][-]{section*.10}{\376\377\000P\000l\000a\000n\000t\000e\000a\000m\000i\000e\000n\000t\000o\000\040\000d\000e\000l\000\040\000P\000r\000o\000b\000l\000e\000m\000a}{chapter*.9}% 4
\BOOKMARK [1][-]{section*.11}{\376\377\000O\000b\000j\000e\000t\000i\000v\000o\000s}{chapter*.9}% 5
\BOOKMARK [2][-]{section*.12}{\376\377\000O\000b\000j\000e\000t\000i\000v\000o\000\040\000G\000e\000n\000e\000r\000a\000l}{section*.11}% 6
\BOOKMARK [2][-]{section*.13}{\376\377\000O\000b\000j\000e\000t\000i\000v\000o\000s\000\040\000E\000s\000p\000e\000c\000\355\000f\000i\000c\000o\000s}{section*.11}% 7
\BOOKMARK [1][-]{section*.14}{\376\377\000A\000l\000c\000a\000n\000c\000e}{chapter*.9}% 8
\BOOKMARK [1][-]{section*.15}{\376\377\000L\000i\000m\000i\000t\000a\000c\000i\000o\000n\000e\000s}{chapter*.9}% 9
\BOOKMARK [1][-]{section*.16}{\376\377\000J\000u\000s\000t\000i\000f\000i\000c\000a\000c\000i\000\363\000n}{chapter*.9}% 10
\BOOKMARK [0][-]{chapter*.18}{\376\377\000C\000a\000p\000\355\000t\000u\000l\000o\000\040\000I\000I\000.\000\040\000M\000a\000r\000c\000o\000\040\000T\000e\000\363\000r\000i\000c\000o}{}% 11
\BOOKMARK [1][-]{section*.19}{\376\377\000A\000n\000t\000e\000c\000e\000d\000e\000n\000t\000e\000s\000\040\000d\000e\000\040\000l\000a\000\040\000I\000n\000v\000e\000s\000t\000i\000g\000a\000c\000i\000\363\000n}{chapter*.18}% 12
\BOOKMARK [2][-]{section*.20}{\376\377\000R\000e\000a\000l\000-\000t\000i\000m\000e\000\040\000A\000u\000d\000i\000o\000\040\000C\000l\000a\000s\000s\000i\000f\000i\000c\000a\000t\000i\000o\000n\000\040\000o\000n\000\040\000a\000n\000\040\000E\000d\000g\000e\000\040\000D\000e\000v\000i\000c\000e\000\040\000[\000C\000l\000a\000s\000i\000f\000i\000c\000a\000c\000i\000\363\000n\000\040\000d\000e\000\040\000a\000u\000d\000i\000o\000\040\000e\000n\000\040\000t\000i\000e\000m\000p\000o\000\040\000r\000e\000a\000l\000\040\000e\000n\000\040\000u\000n\000\040\000d\000i\000s\000p\000o\000s\000i\000t\000i\000v\000o\000\040\000p\000e\000r\000i\000m\000e\000t\000r\000a\000l\000]}{section*.19}% 13
\BOOKMARK [2][-]{section*.21}{\376\377\000A\000n\000a\000l\000y\000s\000i\000n\000g\000\040\000R\000M\000S\000\040\000a\000n\000d\000\040\000p\000e\000a\000k\000\040\000v\000a\000l\000u\000e\000s\000\040\000o\000f\000\040\000v\000i\000b\000r\000a\000t\000i\000o\000n\000\040\000s\000i\000g\000n\000a\000l\000s\000\040\000f\000o\000r\000\040\000c\000o\000n\000d\000i\000t\000i\000o\000n\000\040\000m\000o\000n\000i\000t\000o\000r\000i\000n\000g\000\040\000o\000f\000\040\000w\000i\000n\000d\000\040\000t\000u\000r\000b\000i\000n\000e\000\040\000g\000e\000a\000r\000b\000o\000x\000e\000s\000\040\000[\000A\000n\000\341\000l\000i\000s\000i\000s\000\040\000d\000e\000\040\000v\000a\000l\000o\000r\000e\000s\000\040\000R\000M\000S\000\040\000y\000\040\000p\000i\000c\000o\000\040\000d\000e\000\040\000s\000e\000\361\000a\000l\000e\000s\000\040\000d\000e\000\040\000v\000i\000b\000r\000a\000c\000i\000\363\000n\000\040\000p\000a\000r\000a\000\040\000l\000a\000\040\000m\000o\000n\000i\000t\000o\000r\000i\000z\000a\000c\000i\000\363\000n\000\040\000d\000e\000l\000\040\000e\000s\000t\000a\000d\000o\000\040\000d\000e\000\040\000l\000a\000s\000\040\000c\000a\000j\000a\000s\000\040\000d\000e\000\040\000e\000n\000g\000r\000a\000n\000a\000j\000e\000s\000\040\000d\000e\000\040\000a\000e\000r\000o\000g\000e\000n\000e\000r\000a\000d\000o\000r\000e\000s\000]}{section*.19}% 14
\BOOKMARK [2][-]{section*.22}{\376\377\000M\000e\000t\000o\000d\000o\000l\000o\000g\000\355\000a\000\040\000p\000a\000r\000a\000\040\000l\000a\000\040\000i\000d\000e\000n\000t\000i\000f\000i\000c\000a\000c\000i\000\363\000n\000\040\000d\000e\000\040\000e\000v\000e\000n\000t\000o\000s\000\040\000s\000o\000n\000o\000r\000o\000s\000\040\000a\000n\000\363\000m\000a\000l\000o\000s}{section*.19}% 15
\BOOKMARK [2][-]{section*.23}{\376\377\000E\000d\000g\000e\000\040\000A\000I\000\040\000f\000o\000r\000\040\000R\000e\000a\000l\000-\000T\000i\000m\000e\000\040\000A\000n\000o\000m\000a\000l\000y\000\040\000D\000e\000t\000e\000c\000t\000i\000o\000n\000\040\000i\000n\000\040\000S\000m\000a\000r\000t\000\040\000H\000o\000m\000e\000s\000\040\000[\000I\000n\000t\000e\000l\000i\000g\000e\000n\000c\000i\000a\000\040\000a\000r\000t\000i\000f\000i\000c\000i\000a\000l\000\040\000d\000e\000\040\000b\000o\000r\000d\000e\000\040\000p\000a\000r\000a\000\040\000l\000a\000\040\000d\000e\000t\000e\000c\000c\000i\000\363\000n\000\040\000d\000e\000\040\000a\000n\000o\000m\000a\000l\000\355\000a\000s\000\040\000e\000n\000\040\000t\000i\000e\000m\000p\000o\000\040\000r\000e\000a\000l\000\040\000e\000n\000\040\000h\000o\000g\000a\000r\000e\000s\000\040\000i\000n\000t\000e\000l\000i\000g\000e\000n\000t\000e\000s\000]}{section*.19}% 16
\BOOKMARK [2][-]{section*.24}{\376\377\000B\000a\000y\000e\000s\000i\000a\000n\000\040\000O\000p\000t\000i\000m\000i\000z\000a\000t\000i\000o\000n\000\040\000w\000i\000t\000h\000\040\000I\000n\000e\000q\000u\000a\000l\000i\000t\000y\000\040\000C\000o\000n\000s\000t\000r\000a\000i\000n\000t\000s\000\040\000[\000O\000p\000t\000i\000m\000i\000z\000a\000c\000i\000\363\000n\000\040\000B\000a\000y\000e\000s\000i\000a\000n\000a\000\040\000c\000o\000n\000\040\000R\000e\000s\000t\000r\000i\000c\000c\000i\000o\000n\000e\000s\000\040\000d\000e\000\040\000D\000e\000s\000i\000g\000u\000a\000l\000d\000a\000d\000]}{section*.19}% 17
\BOOKMARK [1][-]{section*.25}{\376\377\000B\000a\000s\000e\000s\000\040\000T\000e\000\363\000r\000i\000c\000a\000s}{chapter*.18}% 18
\BOOKMARK [2][-]{section*.26}{\376\377\000D\000i\000s\000p\000o\000s\000i\000t\000i\000v\000o\000s\000\040\000E\000d\000g\000e}{section*.25}% 19
\BOOKMARK [2][-]{section*.27}{\376\377\000R\000a\000s\000p\000b\000e\000r\000r\000y\000\040\000p\000i}{section*.25}% 20
\BOOKMARK [2][-]{section*.28}{\376\377\000P\000y\000t\000h\000o\000n}{section*.25}% 21
\BOOKMARK [2][-]{section*.29}{\376\377\000T\000e\000n\000s\000o\000r\000f\000l\000o\000w}{section*.25}% 22
\BOOKMARK [2][-]{section*.30}{\376\377\000N\000e\000s\000t\000J\000s}{section*.25}% 23
\BOOKMARK [2][-]{section*.31}{\376\377\000I\000n\000t\000e\000l\000i\000g\000e\000n\000c\000i\000a\000\040\000a\000r\000t\000i\000f\000i\000c\000i\000a\000l}{section*.25}% 24
\BOOKMARK [2][-]{section*.32}{\376\377\000C\000a\000d\000e\000n\000a\000s\000\040\000d\000e\000\040\000M\000a\000r\000k\000o\000v}{section*.25}% 25
\BOOKMARK [2][-]{section*.33}{\376\377\000A\000g\000e\000n\000t\000e}{section*.25}% 26
\BOOKMARK [2][-]{section*.34}{\376\377\000C\000i\000e\000n\000c\000i\000a\000\040\000d\000e\000\040\000d\000a\000t\000o\000s}{section*.25}% 27
\BOOKMARK [2][-]{section*.35}{\376\377\000T\000\351\000c\000n\000i\000c\000a\000s\000\040\000p\000r\000e\000d\000i\000c\000t\000i\000v\000a\000s\000\040\000p\000a\000r\000a\000\040\000s\000e\000r\000i\000e\000s\000\040\000t\000e\000m\000p\000o\000r\000a\000l\000e\000s}{section*.25}% 28
\BOOKMARK [2][-]{section*.36}{\376\377\000T\000r\000a\000n\000s\000f\000o\000r\000m\000e\000r\000s}{section*.25}% 29
\BOOKMARK [2][-]{section*.37}{\376\377\000L\000S\000T\000M\000\040\000\050\000L\000o\000n\000g\000\040\000S\000h\000o\000r\000t\000-\000T\000e\000r\000m\000\040\000M\000e\000m\000o\000r\000y\000\051}{section*.25}% 30
\BOOKMARK [2][-]{section*.38}{\376\377\000A\000u\000t\000o\000e\000n\000c\000o\000d\000e\000r\000s}{section*.25}% 31
\BOOKMARK [2][-]{section*.39}{\376\377\000I\000s\000o\000l\000a\000t\000i\000o\000n\000\040\000F\000o\000r\000e\000s\000t\000\040\000\050\000B\000o\000s\000q\000u\000e\000\040\000d\000e\000\040\000A\000i\000s\000l\000a\000m\000i\000e\000n\000t\000o\000\051}{section*.25}% 32
\BOOKMARK [2][-]{section*.40}{\376\377\000Y\000a\000m\000n\000e\000t}{section*.25}% 33
\BOOKMARK [2][-]{section*.41}{\376\377\000R\000e\000d\000i\000s\000\040\000P\000u\000b\000/\000S\000u\000b}{section*.25}% 34
\BOOKMARK [1][-]{section*.42}{\376\377\000B\000a\000s\000e\000s\000\040\000L\000e\000g\000a\000l\000e\000s}{chapter*.18}% 35
\BOOKMARK [0][-]{chapter*.44}{\376\377\000C\000a\000p\000\355\000t\000u\000l\000o\000\040\000I\000I\000I\000.\000\040\000M\000a\000r\000c\000o\000\040\000M\000e\000t\000o\000d\000o\000l\000\363\000g\000i\000c\000o}{}% 36
\BOOKMARK [1][-]{section*.45}{\376\377\000T\000i\000p\000o\000\040\000d\000e\000\040\000I\000n\000v\000e\000s\000t\000i\000g\000a\000c\000i\000\363\000n}{chapter*.44}% 37
\BOOKMARK [1][-]{section*.46}{\376\377\000T\000\351\000c\000n\000i\000c\000a\000s\000\040\000e\000\040\000I\000n\000s\000t\000r\000u\000m\000e\000n\000t\000o\000s\000\040\000d\000e\000\040\000R\000e\000c\000o\000l\000e\000c\000c\000i\000\363\000n\000\040\000d\000e\000\040\000D\000a\000t\000o\000s}{chapter*.44}% 38
\BOOKMARK [1][-]{section*.47}{\376\377\000M\000e\000t\000o\000d\000o\000l\000o\000g\000\355\000a\000\040\000d\000e\000\040\000D\000e\000s\000a\000r\000r\000o\000l\000l\000o\000\040\000U\000t\000i\000l\000i\000z\000a\000d\000a}{chapter*.44}% 39
\BOOKMARK [0][-]{chapter*.51}{\376\377\000C\000a\000p\000\355\000t\000u\000l\000o\000\040\000I\000V\000.\000\040\000D\000e\000s\000a\000r\000r\000o\000l\000l\000o\000\040\000y\000\040\000R\000e\000s\000u\000l\000t\000a\000d\000o\000s}{}% 40
\BOOKMARK [1][-]{section*.52}{\376\377\000A\000n\000\341\000l\000i\000s\000i\000s\000\040\000i\000n\000i\000c\000i\000a\000l\000\040\000d\000e\000l\000\040\000s\000i\000s\000t\000e\000m\000a\000\040\000d\000e\000\040\000m\000o\000n\000i\000t\000o\000r\000e\000o\000\040\000a\000c\000\372\000s\000t\000i\000c\000o\000\040\000p\000a\000r\000a\000\040\000g\000e\000n\000e\000r\000a\000r\000\040\000a\000l\000e\000r\000t\000a\000s\000\040\000e\000n\000\040\000c\000a\000s\000o\000s\000\040\000d\000e\000\040\000e\000m\000e\000r\000g\000e\000n\000c\000i\000a\000.}{chapter*.51}% 41
\BOOKMARK [2][-]{section*.53}{\376\377\000R\000e\000q\000u\000e\000r\000i\000m\000i\000e\000n\000t\000o\000s\000\040\000F\000u\000n\000c\000i\000o\000n\000a\000l\000e\000s}{section*.52}% 42
\BOOKMARK [2][-]{section*.54}{\376\377\000R\000e\000q\000u\000e\000r\000i\000m\000i\000e\000n\000t\000o\000s\000\040\000n\000o\000\040\000f\000u\000n\000c\000i\000o\000n\000a\000l\000e\000s}{section*.52}% 43
\BOOKMARK [1][-]{section*.55}{\376\377\000P\000r\000o\000c\000e\000d\000i\000m\000i\000e\000n\000t\000o\000\040\000M\000e\000t\000o\000d\000o\000l\000\363\000g\000i\000c\000o}{chapter*.51}% 44
\BOOKMARK [2][-]{section*.56}{\376\377\000P\000r\000i\000m\000e\000r\000a\000\040\000I\000t\000e\000r\000a\000c\000i\000o\000n}{section*.55}% 45
\BOOKMARK [2][-]{section*.58}{\376\377\000S\000e\000g\000u\000n\000d\000a\000\040\000I\000t\000e\000r\000a\000c\000i\000o\000n}{section*.55}% 46
\BOOKMARK [2][-]{section*.60}{\376\377\000T\000e\000r\000c\000e\000r\000a\000\040\000i\000t\000e\000r\000a\000c\000i\000\363\000n}{section*.55}% 47
\BOOKMARK [2][-]{section*.61}{\376\377\000C\000u\000a\000r\000t\000a\000\040\000I\000t\000e\000r\000a\000c\000i\000\363\000n}{section*.55}% 48
\BOOKMARK [2][-]{section*.63}{\376\377\000Q\000u\000i\000n\000t\000a\000\040\000I\000t\000e\000r\000a\000c\000i\000\363\000n}{section*.55}% 49
\BOOKMARK [3][-]{section*.64}{\376\377\000E\000v\000a\000l\000u\000a\000c\000i\000o\000n\000\040\000d\000e\000\040\000l\000o\000s\000\040\000M\000o\000d\000e\000l\000o\000s}{section*.63}% 50
\BOOKMARK [4][-]{section*.65}{\376\377\000E\000v\000a\000l\000u\000a\000c\000i\000o\000n\000\040\000d\000e\000l\000\040\000L\000S\000T\000M\000\040\000A\000u\000t\000o\000e\000n\000c\000o\000d\000e\000r}{section*.64}% 51
\BOOKMARK [4][-]{section*.69}{\376\377\000E\000v\000a\000l\000u\000a\000c\000i\000o\000n\000\040\000d\000e\000l\000\040\000I\000s\000o\000l\000a\000t\000i\000o\000n\000\040\000F\000o\000r\000e\000s\000t}{section*.64}% 52
\BOOKMARK [2][-]{section*.73}{\376\377\000S\000e\000x\000t\000a\000\040\000I\000t\000e\000r\000a\000c\000i\000\363\000n}{section*.55}% 53
\BOOKMARK [3][-]{section*.76}{\376\377\000E\000v\000a\000l\000u\000a\000c\000i\000o\000n\000\040\000d\000e\000l\000\040\000L\000S\000T\000