This is pdfTeX, Version 3.141592653-2.6-1.40.25 (MiKTeX 24.1) (preloaded format=pdflatex 2025.9.12)  22 OCT 2025 23:54
entering extended mode
 restricted \write18 enabled.
 file:line:error style messages enabled.
 %&-line parsing enabled.
**"c:/Users/Administrador/Desktop/repos/tesis/main/NaimCarmeloSotilloCesar Informe TG.tex"
(c:/Users/Administrador/Desktop/repos/tesis/main/NaimCarmeloSotilloCesar Informe TG.tex
LaTeX2e <2023-11-01> patch level 1
L3 programming layer <2024-01-04>
(C:\Program Files\MiKTeX\tex/latex/base\report.cls
Document Class: report 2023/05/17 v1.4n Standard LaTeX document class
(C:\Program Files\MiKTeX\tex/latex/base\size12.clo
File: size12.clo 2023/05/17 v1.4n Standard LaTeX file (size option)
)
\c@part=\count187
\c@chapter=\count188
\c@section=\count189
\c@subsection=\count190
\c@subsubsection=\count191
\c@paragraph=\count192
\c@subparagraph=\count193
\c@figure=\count194
\c@table=\count195
\abovecaptionskip=\skip48
\belowcaptionskip=\skip49
\bibindent=\dimen140
) (C:\Program Files\MiKTeX\tex/generic/babel\babel.sty
Package: babel 2024/01/07 v24.1 The Babel package
\babel@savecnt=\count196
\U@D=\dimen141
\l@unhyphenated=\language79
 (C:\Program Files\MiKTeX\tex/generic/babel\txtbabel.def)
\bbl@readstream=\read2
\bbl@dirlevel=\count197

*************************************
* Local config file bblopts.cfg used
*
(C:\Program Files\MiKTeX\tex/latex/arabi\bblopts.cfg
File: bblopts.cfg 2005/09/08 v0.1 add Arabic and Farsi to "declared" options of babel
) (C:\Program Files\MiKTeX\tex/latex/babel-spanish\spanish.ldf
Language: spanish.ldf 2021/05/27 v5.0q Spanish support from the babel system
\es@quottoks=\toks17
\es@quotdepth=\count198
Package babel Info: Making " an active character on input line 570.
Package babel Info: Making . an active character on input line 675.
Package babel Info: Making < an active character on input line 722.
Package babel Info: Making > an active character on input line 722.
)) (C:\Program Files\MiKTeX\tex/generic/babel/locale/es\babel-spanish.tex
Package babel Info: Importing font and identification data for spanish
(babel)             from babel-es.ini. Reported on input line 11.
) (C:\Program Files\MiKTeX\tex/latex/geometry\geometry.sty
Package: geometry 2020/01/02 v5.9 Page Geometry
 (C:\Program Files\MiKTeX\tex/latex/graphics\keyval.sty
Package: keyval 2022/05/29 v1.15 key=value parser (DPC)
\KV@toks@=\toks18
) (C:\Program Files\MiKTeX\tex/generic/iftex\ifvtex.sty
Package: ifvtex 2019/10/25 v1.7 ifvtex legacy package. Use iftex instead.
 (C:\Program Files\MiKTeX\tex/generic/iftex\iftex.sty
Package: iftex 2022/02/03 v1.0f TeX engine tests
))
\Gm@cnth=\count199
\Gm@cntv=\count266
\c@Gm@tempcnt=\count267
\Gm@bindingoffset=\dimen142
\Gm@wd@mp=\dimen143
\Gm@odd@mp=\dimen144
\Gm@even@mp=\dimen145
\Gm@layoutwidth=\dimen146
\Gm@layoutheight=\dimen147
\Gm@layouthoffset=\dimen148
\Gm@layoutvoffset=\dimen149
\Gm@dimlist=\toks19
 (C:\Program Files\MiKTeX\tex/latex/geometry\geometry.cfg)) (C:\Program Files\MiKTeX\tex/latex/graphics\graphicx.sty
Package: graphicx 2021/09/16 v1.2d Enhanced LaTeX Graphics (DPC,SPQR)
 (C:\Program Files\MiKTeX\tex/latex/graphics\graphics.sty
Package: graphics 2022/03/10 v1.4e Standard LaTeX Graphics (DPC,SPQR)
 (C:\Program Files\MiKTeX\tex/latex/graphics\trig.sty
Package: trig 2021/08/11 v1.11 sin cos tan (DPC)
) (C:\Program Files\MiKTeX\tex/latex/graphics-cfg\graphics.cfg
File: graphics.cfg 2016/06/04 v1.11 sample graphics configuration
)
Package graphics Info: Driver file: pdftex.def on input line 107.
 (C:\Program Files\MiKTeX\tex/latex/graphics-def\pdftex.def
File: pdftex.def 2022/09/22 v1.2b Graphics/color driver for pdftex
))
\Gin@req@height=\dimen150
\Gin@req@width=\dimen151
) (C:\Program Files\MiKTeX\tex/latex/psnfss\times.sty
Package: times 2020/03/25 PSNFSS-v9.3 (SPQR) 
) (C:\Program Files\MiKTeX\tex/latex/setspace\setspace.sty
Package: setspace 2022/12/04 v6.7b set line spacing
) (C:\Program Files\MiKTeX\tex/latex/tools\tabularx.sty
Package: tabularx 2023/07/08 v2.11c `tabularx' package (DPC)
 (C:\Program Files\MiKTeX\tex/latex/tools\array.sty
Package: array 2023/10/16 v2.5g Tabular extension package (FMi)
\col@sep=\dimen152
\ar@mcellbox=\box51
\extrarowheight=\dimen153
\NC@list=\toks20
\extratabsurround=\skip50
\backup@length=\skip51
\ar@cellbox=\box52
)
\TX@col@width=\dimen154
\TX@old@table=\dimen155
\TX@old@col=\dimen156
\TX@target=\dimen157
\TX@delta=\dimen158
\TX@cols=\count268
\TX@ftn=\toks21
) (C:\Program Files\MiKTeX\tex/latex/hyperref\hyperref.sty
Package: hyperref 2023-11-26 v7.01g Hypertext links for LaTeX
 (C:\Program Files\MiKTeX\tex/generic/infwarerr\infwarerr.sty
Package: infwarerr 2019/12/03 v1.5 Providing info/warning/error messages (HO)
) (C:\Program Files\MiKTeX\tex/latex/kvsetkeys\kvsetkeys.sty
Package: kvsetkeys 2022-10-05 v1.19 Key value parser (HO)
) (C:\Program Files\MiKTeX\tex/generic/kvdefinekeys\kvdefinekeys.sty
Package: kvdefinekeys 2019-12-19 v1.6 Define keys (HO)
) (C:\Program Files\MiKTeX\tex/generic/pdfescape\pdfescape.sty
Package: pdfescape 2019/12/09 v1.15 Implements pdfTeX's escape features (HO)
 (C:\Program Files\MiKTeX\tex/generic/ltxcmds\ltxcmds.sty
Package: ltxcmds 2023-12-04 v1.26 LaTeX kernel commands for general use (HO)
) (C:\Program Files\MiKTeX\tex/generic/pdftexcmds\pdftexcmds.sty
Package: pdftexcmds 2020-06-27 v0.33 Utility functions of pdfTeX for LuaTeX (HO)
Package pdftexcmds Info: \pdf@primitive is available.
Package pdftexcmds Info: \pdf@ifprimitive is available.
Package pdftexcmds Info: \pdfdraftmode found.
)) (C:\Program Files\MiKTeX\tex/latex/hycolor\hycolor.sty
Package: hycolor 2020-01-27 v1.10 Color options for hyperref/bookmark (HO)
) (C:\Program Files\MiKTeX\tex/latex/letltxmacro\letltxmacro.sty
Package: letltxmacro 2019/12/03 v1.6 Let assignment for LaTeX macros (HO)
) (C:\Program Files\MiKTeX\tex/latex/auxhook\auxhook.sty
Package: auxhook 2019-12-17 v1.6 Hooks for auxiliary files (HO)
) (C:\Program Files\MiKTeX\tex/latex/hyperref\nameref.sty
Package: nameref 2023-11-26 v2.56 Cross-referencing by name of section
 (C:\Program Files\MiKTeX\tex/latex/refcount\refcount.sty
Package: refcount 2019/12/15 v3.6 Data extraction from label references (HO)
) (C:\Program Files\MiKTeX\tex/generic/gettitlestring\gettitlestring.sty
Package: gettitlestring 2019/12/15 v1.6 Cleanup title references (HO)
 (C:\Program Files\MiKTeX\tex/latex/kvoptions\kvoptions.sty
Package: kvoptions 2022-06-15 v3.15 Key value format for package options (HO)
))
\c@section@level=\count269
) (C:\Program Files\MiKTeX\tex/latex/etoolbox\etoolbox.sty
Package: etoolbox 2020/10/05 v2.5k e-TeX tools for LaTeX (JAW)
\etb@tempcnta=\count270
)
\@linkdim=\dimen159
\Hy@linkcounter=\count271
\Hy@pagecounter=\count272
 (C:\Program Files\MiKTeX\tex/latex/hyperref\pd1enc.def
File: pd1enc.def 2023-11-26 v7.01g Hyperref: PDFDocEncoding definition (HO)
Now handling font encoding PD1 ...
... no UTF-8 mapping file for font encoding PD1
) (C:\Program Files\MiKTeX\tex/generic/intcalc\intcalc.sty
Package: intcalc 2019/12/15 v1.3 Expandable calculations with integers (HO)
)
\Hy@SavedSpaceFactor=\count273
 (C:\Program Files\MiKTeX\tex/latex/hyperref\puenc.def
File: puenc.def 2023-11-26 v7.01g Hyperref: PDF Unicode definition (HO)
Now handling font encoding PU ...
... no UTF-8 mapping file for font encoding PU
)
Package hyperref Info: Option `colorlinks' set `true' on input line 4064.
Package hyperref Info: Hyper figures OFF on input line 4181.
Package hyperref Info: Link nesting OFF on input line 4186.
Package hyperref Info: Hyper index ON on input line 4189.
Package hyperref Info: Plain pages OFF on input line 4196.
Package hyperref Info: Backreferencing OFF on input line 4201.
Package hyperref Info: Implicit mode ON; LaTeX internals redefined.
Package hyperref Info: Bookmarks ON on input line 4448.
\c@Hy@tempcnt=\count274
 (C:\Program Files\MiKTeX\tex/latex/url\url.sty
\Urlmuskip=\muskip16
Package: url 2013/09/16  ver 3.4  Verb mode for urls, etc.
)
LaTeX Info: Redefining \url on input line 4786.
\XeTeXLinkMargin=\dimen160
 (C:\Program Files\MiKTeX\tex/generic/bitset\bitset.sty
Package: bitset 2019/12/09 v1.3 Handle bit-vector datatype (HO)
 (C:\Program Files\MiKTeX\tex/generic/bigintcalc\bigintcalc.sty
Package: bigintcalc 2019/12/15 v1.5 Expandable calculations on big integers (HO)
))
\Fld@menulength=\count275
\Field@Width=\dimen161
\Fld@charsize=\dimen162
Package hyperref Info: Hyper figures OFF on input line 6065.
Package hyperref Info: Link nesting OFF on input line 6070.
Package hyperref Info: Hyper index ON on input line 6073.
Package hyperref Info: backreferencing OFF on input line 6080.
Package hyperref Info: Link coloring ON on input line 6083.
Package hyperref Info: Link coloring with OCG OFF on input line 6090.
Package hyperref Info: PDF/A mode OFF on input line 6095.
 (C:\Program Files\MiKTeX\tex/latex/base\atbegshi-ltx.sty
Package: atbegshi-ltx 2021/01/10 v1.0c Emulation of the original atbegshi
package with kernel methods
)
\Hy@abspage=\count276
\c@Item=\count277
\c@Hfootnote=\count278
)
Package hyperref Info: Driver (autodetected): hpdftex.
 (C:\Program Files\MiKTeX\tex/latex/hyperref\hpdftex.def
File: hpdftex.def 2023-11-26 v7.01g Hyperref driver for pdfTeX
 (C:\Program Files\MiKTeX\tex/latex/base\atveryend-ltx.sty
Package: atveryend-ltx 2020/08/19 v1.0a Emulation of the original atveryend package
with kernel methods
)
\Fld@listcount=\count279
\c@bookmark@seq@number=\count280
 (C:\Program Files\MiKTeX\tex/latex/rerunfilecheck\rerunfilecheck.sty
Package: rerunfilecheck 2025-06-21 v1.11 Rerun checks for auxiliary files (HO)
 (C:\Program Files\MiKTeX\tex/generic/uniquecounter\uniquecounter.sty
Package: uniquecounter 2019/12/15 v1.4 Provide unlimited unique counter (HO)
)
Package uniquecounter Info: New unique counter `rerunfilecheck' on input line 284.
)
\Hy@SectionHShift=\skip52
) (C:\Program Files\MiKTeX\tex/latex/apacite\apacite.sty
Package: apacite 2013/07/21 v6.03 APA citation
\c@BibCnt=\count281
\bibleftmargin=\skip53
\bibindent=\skip54
\bibparsep=\skip55
\bibitemsep=\skip56
\biblabelsep=\skip57
) (C:\Program Files\MiKTeX\tex/latex/tools\longtable.sty
Package: longtable 2023-11-01 v4.19 Multi-page Table package (DPC)
\LTleft=\skip58
\LTright=\skip59
\LTpre=\skip60
\LTpost=\skip61
\LTchunksize=\count282
\LTcapwidth=\dimen163
\LT@head=\box53
\LT@firsthead=\box54
\LT@foot=\box55
\LT@lastfoot=\box56
\LT@gbox=\box57
\LT@cols=\count283
\LT@rows=\count284
\c@LT@tables=\count285
\c@LT@chunks=\count286
\LT@p@ftn=\toks22
) (C:\Program Files\MiKTeX\tex/latex/ltablex\ltablex.sty
Package: ltablex 2014/08/13 v1.1 Modified tabularx
) (C:\Program Files\MiKTeX\tex/latex/booktabs\booktabs.sty
Package: booktabs 2020/01/12 v1.61803398 Publication quality tables
\heavyrulewidth=\dimen164
\lightrulewidth=\dimen165
\cmidrulewidth=\dimen166
\belowrulesep=\dimen167
\belowbottomsep=\dimen168
\aboverulesep=\dimen169
\abovetopsep=\dimen170
\cmidrulesep=\dimen171
\cmidrulekern=\dimen172
\defaultaddspace=\dimen173
\@cmidla=\count287
\@cmidlb=\count288
\@aboverulesep=\dimen174
\@belowrulesep=\dimen175
\@thisruleclass=\count289
\@lastruleclass=\count290
\@thisrulewidth=\dimen176
) (C:\Program Files\MiKTeX\tex/latex/titlesec\titlesec.sty
Package: titlesec 2025/01/04 v2.17 Sectioning titles
\ttl@box=\box58
\beforetitleunit=\skip62
\aftertitleunit=\skip63
\ttl@plus=\dimen177
\ttl@minus=\dimen178
\ttl@toksa=\toks23
\titlewidth=\dimen179
\titlewidthlast=\dimen180
\titlewidthfirst=\dimen181
) (C:\Program Files\MiKTeX\tex/latex/amsmath\amsmath.sty
Package: amsmath 2023/05/13 v2.17o AMS math features
\@mathmargin=\skip64

For additional information on amsmath, use the `?' option.
(C:\Program Files\MiKTeX\tex/latex/amsmath\amstext.sty
Package: amstext 2021/08/26 v2.01 AMS text
 (C:\Program Files\MiKTeX\tex/latex/amsmath\amsgen.sty
File: amsgen.sty 1999/11/30 v2.0 generic functions
\@emptytoks=\toks24
\ex@=\dimen182
)) (C:\Program Files\MiKTeX\tex/latex/amsmath\amsbsy.sty
Package: amsbsy 1999/11/29 v1.2d Bold Symbols
\pmbraise@=\dimen183
) (C:\Program Files\MiKTeX\tex/latex/amsmath\amsopn.sty
Package: amsopn 2022/04/08 v2.04 operator names
)
\inf@bad=\count291
LaTeX Info: Redefining \frac on input line 234.
\uproot@=\count292
\leftroot@=\count293
LaTeX Info: Redefining \overline on input line 399.
LaTeX Info: Redefining \colon on input line 410.
\classnum@=\count294
\DOTSCASE@=\count295
LaTeX Info: Redefining \ldots on input line 496.
LaTeX Info: Redefining \dots on input line 499.
LaTeX Info: Redefining \cdots on input line 620.
\Mathstrutbox@=\box59
\strutbox@=\box60
LaTeX Info: Redefining \big on input line 722.
LaTeX Info: Redefining \Big on input line 723.
LaTeX Info: Redefining \bigg on input line 724.
LaTeX Info: Redefining \Bigg on input line 725.
\big@size=\dimen184
LaTeX Font Info:    Redeclaring font encoding OML on input line 743.
LaTeX Font Info:    Redeclaring font encoding OMS on input line 744.
\macc@depth=\count296
LaTeX Info: Redefining \bmod on input line 905.
LaTeX Info: Redefining \pmod on input line 910.
LaTeX Info: Redefining \smash on input line 940.
LaTeX Info: Redefining \relbar on input line 970.
LaTeX Info: Redefining \Relbar on input line 971.
\c@MaxMatrixCols=\count297
\dotsspace@=\muskip17
\c@parentequation=\count298
\dspbrk@lvl=\count299
\tag@help=\toks25
\row@=\count300
\column@=\count301
\maxfields@=\count302
\andhelp@=\toks26
\eqnshift@=\dimen185
\alignsep@=\dimen186
\tagshift@=\dimen187
\tagwidth@=\dimen188
\totwidth@=\dimen189
\lineht@=\dimen190
\@envbody=\toks27
\multlinegap=\skip65
\multlinetaggap=\skip66
\mathdisplay@stack=\toks28
LaTeX Info: Redefining \[ on input line 2953.
LaTeX Info: Redefining \] on input line 2954.
) (C:\Program Files\MiKTeX\tex/latex/amsfonts\amssymb.sty
Package: amssymb 2013/01/14 v3.01 AMS font symbols
 (C:\Program Files\MiKTeX\tex/latex/amsfonts\amsfonts.sty
Package: amsfonts 2013/01/14 v3.01 Basic AMSFonts support
\symAMSa=\mathgroup4
\symAMSb=\mathgroup5
LaTeX Font Info:    Redeclaring math symbol \hbar on input line 98.
LaTeX Font Info:    Overwriting math alphabet `\mathfrak' in version `bold'
(Font)                  U/euf/m/n --> U/euf/b/n on input line 106.
)) (C:\Program Files\MiKTeX\tex/latex/float\float.sty
Package: float 2001/11/08 v1.3d Float enhancements (AL)
\c@float@type=\count303
\float@exts=\toks29
\float@box=\box61
\@float@everytoks=\toks30
\@floatcapt=\box62
) (C:\Program Files\MiKTeX\tex/latex/pdfpages\pdfpages.sty
Package: pdfpages 2025/07/23 v0.6g Insert pages of external PDF documents (AM)
 (C:\Program Files\MiKTeX\tex/latex/base\ifthen.sty
Package: ifthen 2022/04/13 v1.1d Standard LaTeX ifthen package (DPC)
) (C:\Program Files\MiKTeX\tex/latex/tools\calc.sty
Package: calc 2023/07/08 v4.3 Infix arithmetic (KKT,FJ)
\calc@Acount=\count304
\calc@Bcount=\count305
\calc@Adimen=\dimen191
\calc@Bdimen=\dimen192
\calc@Askip=\skip67
\calc@Bskip=\skip68
LaTeX Info: Redefining \setlength on input line 80.
LaTeX Info: Redefining \addtolength on input line 81.
\calc@Ccount=\count306
\calc@Cskip=\skip69
) (C:\Program Files\MiKTeX\tex/latex/eso-pic\eso-pic.sty
Package: eso-pic 2023/05/03 v3.0c eso-pic (RN)
\ESO@tempdima=\dimen193
\ESO@tempdimb=\dimen194
 (C:\Program Files\MiKTeX\tex/latex/xcolor\xcolor.sty
Package: xcolor 2023/11/15 v3.01 LaTeX color extensions (UK)
 (C:\Program Files\MiKTeX\tex/latex/graphics-cfg\color.cfg
File: color.cfg 2016/01/02 v1.6 sample color configuration
)
Package xcolor Info: Driver file: pdftex.def on input line 274.
 (C:\Program Files\MiKTeX\tex/latex/graphics\mathcolor.ltx)
Package xcolor Info: Model `cmy' substituted by `cmy0' on input line 1350.
Package xcolor Info: Model `hsb' substituted by `rgb' on input line 1354.
Package xcolor Info: Model `RGB' extended on input line 1366.
Package xcolor Info: Model `HTML' substituted by `rgb' on input line 1368.
Package xcolor Info: Model `Hsb' substituted by `hsb' on input line 1369.
Package xcolor Info: Model `tHsb' substituted by `hsb' on input line 1370.
Package xcolor Info: Model `HSB' substituted by `hsb' on input line 1371.
Package xcolor Info: Model `Gray' substituted by `gray' on input line 1372.
Package xcolor Info: Model `wave' substituted by `hsb' on input line 1373.
))
\AM@pagewidth=\dimen195
\AM@pageheight=\dimen196
\AM@fboxrule=\dimen197
 (C:\Program Files\MiKTeX\tex/latex/pdfpages\pppdftex.def
File: pppdftex.def 2025/07/23 v0.6g Pdfpages driver for pdfTeX (AM)
)
\pdfpages@includegraphics@status=\count307
\AM@pagebox=\box63
\AM@global@opts=\toks31
\AM@pagecnt=\count308
\AM@toc@title=\toks32
\AM@lof@heading=\toks33
\c@AM@survey=\count309
\AM@templatesizebox=\box64
) (C:\Program Files\MiKTeX\tex/latex/fancyhdr\fancyhdr.sty
Package: fancyhdr 2025/02/07 v5.2 Extensive control of page headers and footers
\f@nch@headwidth=\skip70
\f@nch@offset@elh=\skip71
\f@nch@offset@erh=\skip72
\f@nch@offset@olh=\skip73
\f@nch@offset@orh=\skip74
\f@nch@offset@elf=\skip75
\f@nch@offset@erf=\skip76
\f@nch@offset@olf=\skip77
\f@nch@offset@orf=\skip78
\f@nch@height=\skip79
\f@nch@footalignment=\skip80
\f@nch@widthL=\skip81
\f@nch@widthC=\skip82
\f@nch@widthR=\skip83
\@temptokenb=\toks34
) (C:\Program Files\MiKTeX\tex/latex/enumitem\enumitem.sty
Package: enumitem 2025/02/06 v3.11 Customized lists
\labelindent=\skip84
\enit@outerparindent=\dimen198
\enit@toks=\toks35
\enit@inbox=\box65
\enit@count@id=\count310
\enitdp@description=\count311
) (C:\Program Files\MiKTeX\tex/latex/tocloft\tocloft.sty
Package: tocloft 2017/08/31 v2.3i parameterised ToC, etc., typesetting
Package tocloft Info: The document has chapter divisions on input line 51.
\cftparskip=\skip85
\cftbeforetoctitleskip=\skip86
\cftaftertoctitleskip=\skip87
\cftbeforepartskip=\skip88
\cftpartnumwidth=\skip89
\cftpartindent=\skip90
\cftbeforechapskip=\skip91
\cftchapindent=\skip92
\cftchapnumwidth=\skip93
\cftbeforesecskip=\skip94
\cftsecindent=\skip95
\cftsecnumwidth=\skip96
\cftbeforesubsecskip=\skip97
\cftsubsecindent=\skip98
\cftsubsecnumwidth=\skip99
\cftbeforesubsubsecskip=\skip100
\cftsubsubsecindent=\skip101
\cftsubsubsecnumwidth=\skip102
\cftbeforeparaskip=\skip103
\cftparaindent=\skip104
\cftparanumwidth=\skip105
\cftbeforesubparaskip=\skip106
\cftsubparaindent=\skip107
\cftsubparanumwidth=\skip108
\cftbeforeloftitleskip=\skip109
\cftafterloftitleskip=\skip110
\cftbeforefigskip=\skip111
\cftfigindent=\skip112
\cftfignumwidth=\skip113
\c@lofdepth=\count312
\c@lotdepth=\count313
\cftbeforelottitleskip=\skip114
\cftafterlottitleskip=\skip115
\cftbeforetabskip=\skip116
\cfttabindent=\skip117
\cfttabnumwidth=\skip118
)
\c@myequations=\count314
\cftbeforemyequationsskip=\skip119
\cftmyequationsindent=\skip120
\cftmyequationsnumwidth=\skip121
\c@equdepth=\count315
\cftbeforeequtitleskip=\skip122
\cftafterequtitleskip=\skip123
 (C:\Program Files\MiKTeX\tex/latex/caption\caption.sty
Package: caption 2023/08/05 v3.6o Customizing captions (AR)
 (C:\Program Files\MiKTeX\tex/latex/caption\caption3.sty
Package: caption3 2023/07/31 v2.4d caption3 kernel (AR)
\caption@tempdima=\dimen199
\captionmargin=\dimen256
\caption@leftmargin=\dimen257
\caption@rightmargin=\dimen258
\caption@width=\dimen259
\caption@indent=\dimen260
\caption@parindent=\dimen261
\caption@hangindent=\dimen262
Package caption Info: Standard document class detected.
)
\c@caption@flags=\count316
\c@continuedfloat=\count317
Package caption Info: float package is loaded.
Package caption Info: hyperref package is loaded.
Package caption Info: longtable package is loaded.
 (C:\Program Files\MiKTeX\tex/latex/caption\ltcaption.sty
Package: ltcaption 2021/01/08 v1.4c longtable captions (AR)
)) (C:\Program Files\MiKTeX\tex/latex/chngcntr\chngcntr.sty
Package: chngcntr 2018/04/09 v1.1a change counter resetting
Package chngcntr Info: \counterwithout already defined.
(chngcntr)             Quitting chngcntr on input line 21.
)
LaTeX Font Info:    Trying to load font information for OT1+ptm on input line 180.
 (C:\Program Files\MiKTeX\tex/latex/psnfss\ot1ptm.fd
File: ot1ptm.fd 2001/06/04 font definitions for OT1/ptm.
) (C:\Program Files\MiKTeX\tex/latex/l3backend\l3backend-pdftex.def
File: l3backend-pdftex.def 2024-01-04 L3 backend support: PDF output (pdfTeX)
\l__color_backend_stack_int=\count318
\l__pdf_internal_box=\box66
) (NaimCarmeloSotilloCesar Informe TG.aux
LaTeX Info: Redefining \. on input line 12.
LaTeX Info: Redefining \% on input line 12.
)
\openout1 = `"NaimCarmeloSotilloCesar Informe TG.aux"'.

LaTeX Font Info:    Checking defaults for OML/cmm/m/it on input line 180.
LaTeX Font Info:    ... okay on input line 180.
LaTeX Font Info:    Checking defaults for OMS/cmsy/m/n on input line 180.
LaTeX Font Info:    ... okay on input line 180.
LaTeX Font Info:    Checking defaults for OT1/cmr/m/n on input line 180.
LaTeX Font Info:    ... okay on input line 180.
LaTeX Font Info:    Checking defaults for T1/cmr/m/n on input line 180.
LaTeX Font Info:    ... okay on input line 180.
LaTeX Font Info:    Checking defaults for TS1/cmr/m/n on input line 180.
LaTeX Font Info:    ... okay on input line 180.
LaTeX Font Info:    Checking defaults for OMX/cmex/m/n on input line 180.
LaTeX Font Info:    ... okay on input line 180.
LaTeX Font Info:    Checking defaults for U/cmr/m/n on input line 180.
LaTeX Font Info:    ... okay on input line 180.
LaTeX Font Info:    Checking defaults for PD1/pdf/m/n on input line 180.
LaTeX Font Info:    ... okay on input line 180.
LaTeX Font Info:    Checking defaults for PU/pdf/m/n on input line 180.
LaTeX Font Info:    ... okay on input line 180.
LaTeX Info: Redefining \. on input line 180.
LaTeX Info: Redefining \% on input line 180.

*geometry* driver: auto-detecting
*geometry* detected driver: pdftex
*geometry* verbose mode - [ preamble ] result:
* driver: pdftex
* paper: letterpaper
* layout: <same size as paper>
* layoutoffset:(h,v)=(0.0pt,0.0pt)
* modes: 
* h-part:(L,W,R)=(72.26999pt, 469.75502pt, 72.26999pt)
* v-part:(T,H,B)=(72.26999pt, 650.43001pt, 72.26999pt)
* \paperwidth=614.295pt
* \paperheight=794.96999pt
* \textwidth=469.75502pt
* \textheight=650.43001pt
* \oddsidemargin=0.0pt
* \evensidemargin=0.0pt
* \topmargin=-37.0pt
* \headheight=15.0pt
* \headsep=25.0pt
* \topskip=12.0pt
* \footskip=30.0pt
* \marginparwidth=44.0pt
* \marginparsep=10.0pt
* \columnsep=10.0pt
* \skip\footins=10.8pt plus 4.0pt minus 2.0pt
* \hoffset=0.0pt
* \voffset=0.0pt
* \mag=1000
* \@twocolumnfalse
* \@twosidefalse
* \@mparswitchfalse
* \@reversemarginfalse
* (1in=72.27pt=25.4mm, 1cm=28.453pt)

(C:\Program Files\MiKTeX\tex/context/base/mkii\supp-pdf.mkii
[Loading MPS to PDF converter (version 2006.09.02).]
\scratchcounter=\count319
\scratchdimen=\dimen263
\scratchbox=\box67
\nofMPsegments=\count320
\nofMParguments=\count321
\everyMPshowfont=\toks36
\MPscratchCnt=\count322
\MPscratchDim=\dimen264
\MPnumerator=\count323
\makeMPintoPDFobject=\count324
\everyMPtoPDFconversion=\toks37
) (C:\Program Files\MiKTeX\tex/latex/epstopdf-pkg\epstopdf-base.sty
Package: epstopdf-base 2020-01-24 v2.11 Base part for package epstopdf
Package epstopdf-base Info: Redefining graphics rule for `.eps' on input line 485.
 (C:\Program Files\MiKTeX\tex/latex/00miktex\epstopdf-sys.cfg
File: epstopdf-sys.cfg 2021/03/18 v2.0 Configuration of epstopdf for MiKTeX
))
Package hyperref Info: Link coloring ON on input line 180.
 (NaimCarmeloSotilloCesar Informe TG.out) (NaimCarmeloSotilloCesar Informe TG.out)
\@outlinefile=\write3
\openout3 = `"NaimCarmeloSotilloCesar Informe TG.out"'.

\c@maskedRefs=\count325
 (C:\Program Files\MiKTeX\tex/latex/apacite\spanish.apc
File: spanish.apc 2013/07/21 v6.03 apacite language file
LaTeX Info: Redefining \BPBI on input line 138.
LaTeX Info: Redefining \BHBI on input line 139.
) (C:\Program Files\MiKTeX\tex/latex/pdflscape\pdflscape.sty
Package: pdflscape 2022-10-27 v0.13 Display of landscape pages in PDF
 (C:\Program Files\MiKTeX\tex/latex/pdflscape\pdflscape-nometadata.sty
Package: pdflscape-nometadata 2022-10-28 v0.13 Display of landscape pages in PDF (HO)
 (C:\Program Files\MiKTeX\tex/latex/graphics\lscape.sty
Package: lscape 2020/05/28 v3.02 Landscape Pages (DPC)
)
Package pdflscape Info: Auto-detected driver: pdftex on input line 81.
))
Package caption Info: Begin \AtBeginDocument code.
Package caption Info: End \AtBeginDocument code.
 (prelude/_index.tex (prelude/1.portada.tex
<images/ucab-logo.png, id=287, 513.92pt x 67.25125pt>
File: images/ucab-logo.png Graphic file (type png)
<use images/ucab-logo.png>
Package pdftex.def Info: images/ucab-logo.png  used on input line 36.
(pdftex.def)             Requested size: 305.33789pt x 39.957pt.
LaTeX Font Info:    Trying to load font information for U+msa on input line 46.
 (C:\Program Files\MiKTeX\tex/latex/amsfonts\umsa.fd
File: umsa.fd 2013/01/14 v3.01 AMS symbols A
)
LaTeX Font Info:    Trying to load font information for U+msb on input line 46.
 (C:\Program Files\MiKTeX\tex/latex/amsfonts\umsb.fd
File: umsb.fd 2013/01/14 v3.01 AMS symbols B
) [1

{C:/Users/Administrador/AppData/Local/MiKTeX/fonts/map/pdftex/pdftex.map}{C:/Program Files/MiKTeX/fonts/enc/dvips/base/8r.enc} <./images/ucab-logo.png>]))
\c@pags=\count326
 (NaimCarmeloSotilloCesar Informe TG.toc
LaTeX Info: Redefining \. on input line 1.
LaTeX Info: Redefining \% on input line 1.
 [2


] [3])
\tf@toc=\write4
\openout4 = `"NaimCarmeloSotilloCesar Informe TG.toc"'.

 [4] (NaimCarmeloSotilloCesar Informe TG.lot
LaTeX Info: Redefining \. on input line 1.
LaTeX Info: Redefining \% on input line 1.
)
\tf@lot=\write5
\openout5 = `"NaimCarmeloSotilloCesar Informe TG.lot"'.

 [5

] (NaimCarmeloSotilloCesar Informe TG.lof
LaTeX Info: Redefining \. on input line 1.
LaTeX Info: Redefining \% on input line 1.
)
\tf@lof=\write6
\openout6 = `"NaimCarmeloSotilloCesar Informe TG.lof"'.

 [6

] (NaimCarmeloSotilloCesar Informe TG.equ)
\tf@equ=\write7
\openout7 = `"NaimCarmeloSotilloCesar Informe TG.equ"'.

 [7

]
\c@abstractpage=\count327
 (prelude/4.abstract.tex
File: images/ucab-logo.png Graphic file (type png)
<use images/ucab-logo.png>
Package pdftex.def Info: images/ucab-logo.png  used on input line 13.
(pdftex.def)             Requested size: 234.8775pt x 30.73582pt.
) [8

] [9] (content/introduction.tex [1


] [2]) (content/chapter.1/_index.tex (content/chapter.1/1.problem-statement.tex [3


] [4]) (content/chapter.1/2.goals.tex) (content/chapter.1/3.scope.tex [5]) (content/chapter.1/4.limitations.tex [6]) (content/chapter.1/5.justification.tex)) (content/chapter.2/_index.tex [7] (content/chapter.2/1.records.tex [8

] [9] [10]) (content/chapter.2/2.theoretical-basis.tex [11] [12] [13] [14] [15] [16] [17] [18] [19] [20] [21]) (content/chapter.2/3.legal-basis.tex [22])) (content/chapter.3/_index.tex [23] (content/chapter.3/1.research-type.tex) (content/chapter.3/2.data-collection-techniques-instruments.tex) [24

] (content/chapter.3/3.dev-methodology-used.tex [25]
<images/Anexos/metodologia_espiral.png, id=823, 513.92pt x 345.29pt>
File: images/Anexos/metodologia_espiral.png Graphic file (type png)
<use images/Anexos/metodologia_espiral.png>
Package pdftex.def Info: images/Anexos/metodologia_espiral.png  used on input line 42.
(pdftex.def)             Requested size: 399.29463pt x 268.28189pt.
 [26])) (content/chapter.4/_index.tex [27 <./images/Anexos/metodologia_espiral.png>] (content/chapter.4/1.methodological-procedure.tex [28

] [29]
<images/Arquitectura/I1.png, id=858, 249.18094pt x 101.62968pt>
File: images/Arquitectura/I1.png Graphic file (type png)
<use images/Arquitectura/I1.png>
Package pdftex.def Info: images/Arquitectura/I1.png  used on input line 45.
(pdftex.def)             Requested size: 305.33789pt x 124.54474pt.
 [30] [31 <./images/Arquitectura/I1.png>]
<images/Arquitectura/I2.png, id=881, 310.15875pt x 122.70844pt>
File: images/Arquitectura/I2.png Graphic file (type png)
<use images/Arquitectura/I2.png>
Package pdftex.def Info: images/Arquitectura/I2.png  used on input line 66.
(pdftex.def)             Requested size: 399.29463pt x 157.97247pt.
 [32 <./images/Arquitectura/I2.png>] [33]
<images/Arquitectura/I4.png, id=899, 453.19313pt x 127.22531pt>
File: images/Arquitectura/I4.png Graphic file (type png)
<use images/Arquitectura/I4.png>
Package pdftex.def Info: images/Arquitectura/I4.png  used on input line 93.
(pdftex.def)             Requested size: 399.29463pt x 112.0945pt.
 [34 <./images/Arquitectura/I4.png>] [35]
LaTeX Info: Symbol \textrightarrow not provided by
            font family ptm in TS1 encoding.
            Default family used instead on input line 136.
LaTeX Info: Symbol \textrightarrow not provided by
            font family ptm in TS1 encoding.
            Default family used instead on input line 136.
 [36] [37] [38] [39]
<images/LSTM/roc.pdf, id=949, 641.75758pt x 401.09851pt>
File: images/LSTM/roc.pdf Graphic file (type pdf)
<use images/LSTM/roc.pdf>
Package pdftex.def Info: images/LSTM/roc.pdf  used on input line 175.
(pdftex.def)             Requested size: 399.29463pt x 249.55981pt.
<images/LSTM/anomalias.pdf, id=950, 858.97787pt x 425.28197pt>
File: images/LSTM/anomalias.pdf Graphic file (type pdf)
<use images/LSTM/anomalias.pdf>
Package pdftex.def Info: images/LSTM/anomalias.pdf  used on input line 184.
(pdftex.def)             Requested size: 399.29463pt x 197.68916pt.
 [40 <./images/LSTM/roc.pdf>] [41 <./images/LSTM/anomalias.pdf>] [42] [43]
<images/IF/anomalias_tiempo.png, id=1070, 722.7pt x 361.35pt>
File: images/IF/anomalias_tiempo.png Graphic file (type png)
<use images/IF/anomalias_tiempo.png>
Package pdftex.def Info: images/IF/anomalias_tiempo.png  used on input line 294.
(pdftex.def)             Requested size: 399.29463pt x 199.64737pt.
 [44] [45 <./images/IF/anomalias_tiempo.png>]
<images/IF/roc_auc.png, id=1080, 578.16pt x 361.35pt>
File: images/IF/roc_auc.png Graphic file (type png)
<use images/IF/roc_auc.png>
Package pdftex.def Info: images/IF/roc_auc.png  used on input line 382.
(pdftex.def)             Requested size: 399.29463pt x 249.55783pt.
 [46] [47 <./images/IF/roc_auc.png>]
<images/Apendices/hiper_original.png, id=1095, 1985.4175pt x 568.1225pt>
File: images/Apendices/hiper_original.png Graphic file (type png)
<use images/Apendices/hiper_original.png>
Package pdftex.def Info: images/Apendices/hiper_original.png  used on input line 400.
(pdftex.def)             Requested size: 399.29463pt x 114.25531pt.
<images/Apendices/hiper_optimized.png, id=1099, 1597.97pt x 568.1225pt>
File: images/Apendices/hiper_optimized.png Graphic file (type png)
<use images/Apendices/hiper_optimized.png>
Package pdftex.def Info: images/Apendices/hiper_optimized.png  used on input line 415.
(pdftex.def)             Requested size: 399.29463pt x 141.96092pt.
<images/LSTM/roc_optimized.png, id=1100, 2372.865pt x 2376.88pt>
File: images/LSTM/roc_optimized.png Graphic file (type png)
<use images/LSTM/roc_optimized.png>
Package pdftex.def Info: images/LSTM/roc_optimized.png  used on input line 426.
(pdftex.def)             Requested size: 234.8775pt x 235.27196pt.
 [48 <./images/Apendices/hiper_original.png>]
<images/LSTM/animalias_optimized.png, id=1106, 858.8085pt x 425.9112pt>
File: images/LSTM/animalias_optimized.png Graphic file (type png)
<use images/LSTM/animalias_optimized.png>
Package pdftex.def Info: images/LSTM/animalias_optimized.png  used on input line 433.
(pdftex.def)             Requested size: 234.8775pt x 116.4793pt.
 [49 <./images/Apendices/hiper_optimized.png> <./images/LSTM/roc_optimized.png>] [50 <./images/LSTM/animalias_optimized.png>] [51] [52]
<images/Arquitectura/Arquitectura.png, id=1131, 823.075pt x 1222.5675pt>
File: images/Arquitectura/Arquitectura.png Graphic file (type png)
<use images/Arquitectura/Arquitectura.png>
Package pdftex.def Info: images/Arquitectura/Arquitectura.png  used on input line 513.
(pdftex.def)             Requested size: 187.89914pt x 279.09526pt.
 [53 <./images/Arquitectura/Arquitectura.png>] [54] [55])) (content/chapter.5/_index.tex [56] (content/chapter.5/1.conclusions.tex [57

]) (content/chapter.5/2.recommendations.tex [58])) (NaimCarmeloSotilloCesar Informe TG.bbl [59]
LaTeX Font Info:    Trying to load font information for OT1+pcr on input line 82.
 (C:\Program Files\MiKTeX\tex/latex/psnfss\ot1pcr.fd
File: ot1pcr.fd 2001/06/04 font definitions for OT1/pcr.
) [60

]
Missing character: There is no √ in font pcrr7t!
Missing character: There is no ≠ in font pcrr7t!
[61] [62]
Missing character: There is no √ in font pcrr7t!
Missing character: There is no ≠ in font pcrr7t!
Missing character: There is no √ in font pcrr7t!
Missing character: There is no ≥ in font pcrr7t!
[63]) (appendix/anexos.tex [64] [65

]
<images/Anexos/1.arquitectura-raspberry.png, id=1261, 476.53032pt x 337.26pt>
File: images/Anexos/1.arquitectura-raspberry.png Graphic file (type png)
<use images/Anexos/1.arquitectura-raspberry.png>
Package pdftex.def Info: images/Anexos/1.arquitectura-raspberry.png  used on input line 23.
(pdftex.def)             Requested size: 446.26582pt x 315.85626pt.
 [66


 <./images/Anexos/1.arquitectura-raspberry.png>]
<images/Anexos/isolation-forest.png, id=1269, 853.1875pt x 572.1375pt>
File: images/Anexos/isolation-forest.png Graphic file (type png)
<use images/Anexos/isolation-forest.png>
Package pdftex.def Info: images/Anexos/isolation-forest.png  used on input line 31.
(pdftex.def)             Requested size: 446.26582pt x 299.26796pt.
 [67

 <./images/Anexos/isolation-forest.png>]
<images/Anexos/yamnet_number_examples.png, id=1276, 445.665pt x 426.84468pt>
File: images/Anexos/yamnet_number_examples.png Graphic file (type png)
<use images/Anexos/yamnet_number_examples.png>
Package pdftex.def Info: images/Anexos/yamnet_number_examples.png  used on input line 47.
(pdftex.def)             Requested size: 446.26582pt x 427.42331pt.
)
<images/Anexos/Clasificaci√≥n de categor√≠as.pdf, id=1277, 597.55246pt x 845.07718pt>
File: images/Anexos/Clasificaci√≥n de categor√≠as.pdf Graphic file (type pdf)
<use images/Anexos/Clasificaci√≥n de categor√≠as.pdf>
Package pdftex.def Info: images/Anexos/Clasificaci√≥n de categor√≠as.pdf  used on input line 229.
(pdftex.def)             Requested size: 597.551pt x 845.07512pt.
<images/Anexos/Clasificaci√≥n de categor√≠as.pdf, id=1279, page=1, 597.55246pt x 845.07718pt>
File: images/Anexos/Clasificaci√≥n de categor√≠as.pdf Graphic file (type pdf)
<use images/Anexos/Clasificaci√≥n de categor√≠as.pdf, page 1>
Package pdftex.def Info: images/Anexos/Clasificaci√≥n de categor√≠as.pdf , page1 used on input line 229.
(pdftex.def)             Requested size: 597.551pt x 845.07512pt.
File: images/Anexos/Clasificaci√≥n de categor√≠as.pdf Graphic file (type pdf)
<use images/Anexos/Clasificaci√≥n de categor√≠as.pdf, page 1>
Package pdftex.def Info: images/Anexos/Clasificaci√≥n de categor√≠as.pdf , page1 used on input line 229.
(pdftex.def)             Requested size: 562.1644pt x 795.0303pt.
 [68

 <./images/Anexos/yamnet_number_examples.png>]
File: images/Anexos/Clasificaci√≥n de categor√≠as.pdf Graphic file (type pdf)
<use images/Anexos/Clasificaci√≥n de categor√≠as.pdf, page 1>
Package pdftex.def Info: images/Anexos/Clasificaci√≥n de categor√≠as.pdf , page1 used on input line 229.
(pdftex.def)             Requested size: 562.1644pt x 795.0303pt.
File: images/Anexos/Clasificaci√≥n de categor√≠as.pdf Graphic file (type pdf)
<use images/Anexos/Clasificaci√≥n de categor√≠as.pdf, page 1>
Package pdftex.def Info: images/Anexos/Clasificaci√≥n de categor√≠as.pdf , page1 used on input line 229.
(pdftex.def)             Requested size: 562.1644pt x 795.0303pt.
File: images/Anexos/Clasificaci√≥n de categor√≠as.pdf Graphic file (type pdf)
<use images/Anexos/Clasificaci√≥n de categor√≠as.pdf, page 1>
Package pdftex.def Info: images/Anexos/Clasificaci√≥n de categor√≠as.pdf , page1 used on input line 229.
(pdftex.def)             Requested size: 562.1644pt x 795.0303pt.
 [69

 <./images/Anexos/Clasificaci√≥n de categor√≠as.pdf>]
<images/Anexos/Clasificaci√≥n de categor√≠as.pdf, id=1297, page=2, 597.55246pt x 845.07718pt>
File: images/Anexos/Clasificaci√≥n de categor√≠as.pdf Graphic file (type pdf)
<use images/Anexos/Clasificaci√≥n de categor√≠as.pdf, page 2>
Package pdftex.def Info: images/Anexos/Clasificaci√≥n de categor√≠as.pdf , page2 used on input line 229.
(pdftex.def)             Requested size: 562.1644pt x 795.0303pt.
File: images/Anexos/Clasificaci√≥n de categor√≠as.pdf Graphic file (type pdf)
<use images/Anexos/Clasificaci√≥n de categor√≠as.pdf, page 2>
Package pdftex.def Info: images/Anexos/Clasificaci√≥n de categor√≠as.pdf , page2 used on input line 229.
(pdftex.def)             Requested size: 562.1644pt x 795.0303pt.
File: images/Anexos/Clasificaci√≥n de categor√≠as.pdf Graphic file (type pdf)
<use images/Anexos/Clasificaci√≥n de categor√≠as.pdf, page 2>
Package pdftex.def Info: images/Anexos/Clasificaci√≥n de categor√≠as.pdf , page2 used on input line 229.
(pdftex.def)             Requested size: 562.1644pt x 795.0303pt.
 [70

 <./images/Anexos/Clasificaci√≥n de categor√≠as.pdf>]
<images/Anexos/Clasificaci√≥n de categor√≠as.pdf, id=1304, page=3, 597.55246pt x 845.07718pt>
File: images/Anexos/Clasificaci√≥n de categor√≠as.pdf Graphic file (type pdf)
<use images/Anexos/Clasificaci√≥n de categor√≠as.pdf, page 3>
Package pdftex.def Info: images/Anexos/Clasificaci√≥n de categor√≠as.pdf , page3 used on input line 229.
(pdftex.def)             Requested size: 562.1644pt x 795.0303pt.
File: images/Anexos/Clasificaci√≥n de categor√≠as.pdf Graphic file (type pdf)
<use images/Anexos/Clasificaci√≥n de categor√≠as.pdf, page 3>
Package pdftex.def Info: images/Anexos/Clasificaci√≥n de categor√≠as.pdf , page3 used on input line 229.
(pdftex.def)             Requested size: 562.1644pt x 795.0303pt.
File: images/Anexos/Clasificaci√≥n de categor√≠as.pdf Graphic file (type pdf)
<use images/Anexos/Clasificaci√≥n de categor√≠as.pdf, page 3>
Package pdftex.def Info: images/Anexos/Clasificaci√≥n de categor√≠as.pdf , page3 used on input line 229.
(pdftex.def)             Requested size: 562.1644pt x 795.0303pt.
 [71

 <./images/Anexos/Clasificaci√≥n de categor√≠as.pdf>]
<images/Anexos/Clasificaci√≥n de categor√≠as.pdf, id=1310, page=4, 597.55246pt x 845.07718pt>
File: images/Anexos/Clasificaci√≥n de categor√≠as.pdf Graphic file (type pdf)
<use images/Anexos/Clasificaci√≥n de categor√≠as.pdf, page 4>
Package pdftex.def Info: images/Anexos/Clasificaci√≥n de categor√≠as.pdf , page4 used on input line 229.
(pdftex.def)             Requested size: 562.1644pt x 795.0303pt.
File: images/Anexos/Clasificaci√≥n de categor√≠as.pdf Graphic file (type pdf)
<use images/Anexos/Clasificaci√≥n de categor√≠as.pdf, page 4>
Package pdftex.def Info: images/Anexos/Clasificaci√≥n de categor√≠as.pdf , page4 used on input line 229.
(pdftex.def)             Requested size: 562.1644pt x 795.0303pt.
File: images/Anexos/Clasificaci√≥n de categor√≠as.pdf Graphic file (type pdf)
<use images/Anexos/Clasificaci√≥n de categor√≠as.pdf, page 4>
Package pdftex.def Info: images/Anexos/Clasificaci√≥n de categor√≠as.pdf , page4 used on input line 229.
(pdftex.def)             Requested size: 562.1644pt x 795.0303pt.
 [72

 <./images/Anexos/Clasificaci√≥n de categor√≠as.pdf>]
<images/Anexos/Clasificaci√≥n de categor√≠as.pdf, id=1316, page=5, 597.55246pt x 845.07718pt>
File: images/Anexos/Clasificaci√≥n de categor√≠as.pdf Graphic file (type pdf)
<use images/Anexos/Clasificaci√≥n de categor√≠as.pdf, page 5>
Package pdftex.def Info: images/Anexos/Clasificaci√≥n de categor√≠as.pdf , page5 used on input line 229.
(pdftex.def)             Requested size: 562.1644pt x 795.0303pt.
File: images/Anexos/Clasificaci√≥n de categor√≠as.pdf Graphic file (type pdf)
<use images/Anexos/Clasificaci√≥n de categor√≠as.pdf, page 5>
Package pdftex.def Info: images/Anexos/Clasificaci√≥n de categor√≠as.pdf , page5 used on input line 229.
(pdftex.def)             Requested size: 562.1644pt x 795.0303pt.
File: images/Anexos/Clasificaci√≥n de categor√≠as.pdf Graphic file (type pdf)
<use images/Anexos/Clasificaci√≥n de categor√≠as.pdf, page 5>
Package pdftex.def Info: images/Anexos/Clasificaci√≥n de categor√≠as.pdf , page5 used on input line 229.
(pdftex.def)             Requested size: 562.1644pt x 795.0303pt.
 [73

 <./images/Anexos/Clasificaci√≥n de categor√≠as.pdf>]
<images/Anexos/Clasificaci√≥n de categor√≠as.pdf, id=1322, page=6, 597.55246pt x 845.07718pt>
File: images/Anexos/Clasificaci√≥n de categor√≠as.pdf Graphic file (type pdf)
<use images/Anexos/Clasificaci√≥n de categor√≠as.pdf, page 6>
Package pdftex.def Info: images/Anexos/Clasificaci√≥n de categor√≠as.pdf , page6 used on input line 229.
(pdftex.def)             Requested size: 562.1644pt x 795.0303pt.
File: images/Anexos/Clasificaci√≥n de categor√≠as.pdf Graphic file (type pdf)
<use images/Anexos/Clasificaci√≥n de categor√≠as.pdf, page 6>
Package pdftex.def Info: images/Anexos/Clasificaci√≥n de categor√≠as.pdf , page6 used on input line 229.
(pdftex.def)             Requested size: 562.1644pt x 795.0303pt.
File: images/Anexos/Clasificaci√≥n de categor√≠as.pdf Graphic file (type pdf)
<use images/Anexos/Clasificaci√≥n de categor√≠as.pdf, page 6>
Package pdftex.def Info: images/Anexos/Clasificaci√≥n de categor√≠as.pdf , page6 used on input line 229.
(pdftex.def)             Requested size: 562.1644pt x 795.0303pt.
 [74

 <./images/Anexos/Clasificaci√≥n de categor√≠as.pdf>]
<images/Anexos/Clasificaci√≥n de categor√≠as.pdf, id=1328, page=7, 597.55246pt x 845.07718pt>
File: images/Anexos/Clasificaci√≥n de categor√≠as.pdf Graphic file (type pdf)
<use images/Anexos/Clasificaci√≥n de categor√≠as.pdf, page 7>
Package pdftex.def Info: images/Anexos/Clasificaci√≥n de categor√≠as.pdf , page7 used on input line 229.
(pdftex.def)             Requested size: 562.1644pt x 795.0303pt.
File: images/Anexos/Clasificaci√≥n de categor√≠as.pdf Graphic file (type pdf)
<use images/Anexos/Clasificaci√≥n de categor√≠as.pdf, page 7>
Package pdftex.def Info: images/Anexos/Clasificaci√≥n de categor√≠as.pdf , page7 used on input line 229.
(pdftex.def)             Requested size: 562.1644pt x 795.0303pt.
File: images/Anexos/Clasificaci√≥n de categor√≠as.pdf Graphic file (type pdf)
<use images/Anexos/Clasificaci√≥n de categor√≠as.pdf, page 7>
Package pdftex.def Info: images/Anexos/Clasificaci√≥n de categor√≠as.pdf , page7 used on input line 229.
(pdftex.def)             Requested size: 562.1644pt x 795.0303pt.
 [75

 <./images/Anexos/Clasificaci√≥n de categor√≠as.pdf>]
<images/Anexos/Clasificaci√≥n de categor√≠as.pdf, id=1334, page=8, 597.55246pt x 845.07718pt>
File: images/Anexos/Clasificaci√≥n de categor√≠as.pdf Graphic file (type pdf)
<use images/Anexos/Clasificaci√≥n de categor√≠as.pdf, page 8>
Package pdftex.def Info: images/Anexos/Clasificaci√≥n de categor√≠as.pdf , page8 used on input line 229.
(pdftex.def)             Requested size: 562.1644pt x 795.0303pt.
File: images/Anexos/Clasificaci√≥n de categor√≠as.pdf Graphic file (type pdf)
<use images/Anexos/Clasificaci√≥n de categor√≠as.pdf, page 8>
Package pdftex.def Info: images/Anexos/Clasificaci√≥n de categor√≠as.pdf , page8 used on input line 229.
(pdftex.def)             Requested size: 562.1644pt x 795.0303pt.
File: images/Anexos/Clasificaci√≥n de categor√≠as.pdf Graphic file (type pdf)
<use images/Anexos/Clasificaci√≥n de categor√≠as.pdf, page 8>
Package pdftex.def Info: images/Anexos/Clasificaci√≥n de categor√≠as.pdf , page8 used on input line 229.
(pdftex.def)             Requested size: 562.1644pt x 795.0303pt.
 [76

 <./images/Anexos/Clasificaci√≥n de categor√≠as.pdf>]
<images/Anexos/Clasificaci√≥n de categor√≠as.pdf, id=1341, page=9, 597.55246pt x 845.07718pt>
File: images/Anexos/Clasificaci√≥n de categor√≠as.pdf Graphic file (type pdf)
<use images/Anexos/Clasificaci√≥n de categor√≠as.pdf, page 9>
Package pdftex.def Info: images/Anexos/Clasificaci√≥n de categor√≠as.pdf , page9 used on input line 229.
(pdftex.def)             Requested size: 562.1644pt x 795.0303pt.
File: images/Anexos/Clasificaci√≥n de categor√≠as.pdf Graphic file (type pdf)
<use images/Anexos/Clasificaci√≥n de categor√≠as.pdf, page 9>
Package pdftex.def Info: images/Anexos/Clasificaci√≥n de categor√≠as.pdf , page9 used on input line 229.
(pdftex.def)             Requested size: 562.1644pt x 795.0303pt.
File: images/Anexos/Clasificaci√≥n de categor√≠as.pdf Graphic file (type pdf)
<use images/Anexos/Clasificaci√≥n de categor√≠as.pdf, page 9>
Package pdftex.def Info: images/Anexos/Clasificaci√≥n de categor√≠as.pdf , page9 used on input line 229.
(pdftex.def)             Requested size: 562.1644pt x 795.0303pt.
 [77

 <./images/Anexos/Clasificaci√≥n de categor√≠as.pdf>]
<images/Anexos/Clasificaci√≥n de categor√≠as.pdf, id=1347, page=10, 597.55246pt x 845.07718pt>
File: images/Anexos/Clasificaci√≥n de categor√≠as.pdf Graphic file (type pdf)
<use images/Anexos/Clasificaci√≥n de categor√≠as.pdf, page 10>
Package pdftex.def Info: images/Anexos/Clasificaci√≥n de categor√≠as.pdf , page10 used on input line 229.
(pdftex.def)             Requested size: 562.1644pt x 795.0303pt.
File: images/Anexos/Clasificaci√≥n de categor√≠as.pdf Graphic file (type pdf)
<use images/Anexos/Clasificaci√≥